<?xml version="1.0" encoding="UTF-8"?>
<testng-results skipped="0" failed="0" ignored="0" total="1" passed="1">
  <reporter-output>
  </reporter-output>
  <suite name="Default suite" duration-ms="15198" started-at="2020-02-01T05:02:55Z" finished-at="2020-02-01T05:03:11Z">
    <groups>
    </groups>
    <test name="Default test" duration-ms="15198" started-at="2020-02-01T05:02:55Z" finished-at="2020-02-01T05:03:11Z">
      <class name="com.mercury.web.Test.Test">
        <test-method status="PASS" signature="login()[pri:0, instance:com.mercury.web.Test.Test@4c70fda8]" name="login" duration-ms="15096" started-at="2020-02-01T05:02:55Z" finished-at="2020-02-01T05:03:11Z">
          <reporter-output>
          </reporter-output>
        </test-method> <!-- login -->
      </class> <!-- com.mercury.web.Test.Test -->
    </test> <!-- Default test -->
  </suite> <!-- Default suite -->
</testng-results>
